juin 28, 2021 2:59:53 PM musichub.logger.Logging setUpLogger
INFOS: My First Log
juin 28, 2021 3:01:16 PM musichub.logger.Logging setUpLogger
INFOS: My First Log
juin 28, 2021 3:14:16 PM musichub.logger.Logging setUpLogger
INFOS: JMusicHub Started
juin 28, 2021 3:14:19 PM musichub.logger.Logging log
INFOS: Choose h Option
juin 28, 2021 3:14:20 PM musichub.logger.Logging log
INFOS: Choose q Option
juin 28, 2021 3:14:20 PM musichub.logger.Logging log
INFOS: Exit Program : Status 0
juin 28, 2021 4:53:27 PM musichub.logger.Logging setUpLogger
INFOS: JMusicHub Started
juin 28, 2021 4:53:29 PM musichub.logger.Logging log
INFOS: Choose h Option
juin 28, 2021 4:53:32 PM musichub.logger.Logging log
INFOS: Choose s Option
juin 28, 2021 4:53:34 PM musichub.logger.Logging log
INFOS: Choose h Option
juin 28, 2021 4:53:36 PM musichub.logger.Logging log
INFOS: Choose a Option
juin 28, 2021 4:53:38 PM musichub.logger.Logging log
INFOS: test
juin 28, 2021 4:53:39 PM musichub.logger.Logging log
INFOS: test
juin 28, 2021 4:53:42 PM musichub.logger.Logging log
INFOS: 58
juin 28, 2021 4:53:49 PM musichub.logger.Logging log
INFOS: 1212-12-12
juin 28, 2021 4:53:57 PM musichub.logger.Logging log
INFOS: Choose s Option
juin 28, 2021 4:55:04 PM musichub.logger.Logging setUpLogger
INFOS: JMusicHub Started
juin 28, 2021 4:55:06 PM musichub.logger.Logging log
INFOS: Choose h Option
juin 28, 2021 4:55:10 PM musichub.logger.Logging log
INFOS: Choose t Option
juin 28, 2021 5:01:35 PM musichub.logger.Logging log
INFOS: Choose q Option
juin 28, 2021 5:01:35 PM musichub.logger.Logging log
INFOS: Exit Program : Status 0
juin 28, 2021 5:04:03 PM musichub.logger.Logging setUpLogger
INFOS: JMusicHub Started
juin 28, 2021 5:04:06 PM musichub.logger.Logging log
INFOS: Choose h Option
juin 28, 2021 5:04:09 PM musichub.logger.Logging log
INFOS: Choose t Option
juin 28, 2021 5:04:10 PM musichub.logger.Logging log
INFOS: Choose q Option
juin 28, 2021 5:04:10 PM musichub.logger.Logging log
INFOS: Exit Program : Status 0
juin 28, 2021 5:04:36 PM musichub.logger.Logging setUpLogger
INFOS: JMusicHub Started
juin 28, 2021 5:04:38 PM musichub.logger.Logging log
INFOS: Choose h Option
juin 28, 2021 5:04:46 PM musichub.logger.Logging log
INFOS: Choose a Option
juin 28, 2021 5:04:48 PM musichub.logger.Logging log
INFOS: test
juin 28, 2021 5:04:50 PM musichub.logger.Logging log
INFOS: test
juin 28, 2021 5:04:53 PM musichub.logger.Logging log
INFOS: 20
juin 28, 2021 5:04:59 PM musichub.logger.Logging log
INFOS: 1212-04-12
juin 28, 2021 5:05:04 PM musichub.logger.Logging log
INFOS: Choose q Option
juin 28, 2021 5:05:04 PM musichub.logger.Logging log
INFOS: Exit Program : Status 0
juin 28, 2021 5:06:16 PM musichub.logger.Logging setUpLogger
INFOS: JMusicHub Started
juin 28, 2021 5:06:18 PM musichub.logger.Logging log
INFOS: Choose h Option
juin 28, 2021 5:06:19 PM musichub.logger.Logging log
INFOS: Choose a Option
juin 28, 2021 5:06:21 PM musichub.logger.Logging log
INFOS: test
juin 28, 2021 5:06:22 PM musichub.logger.Logging log
INFOS: test
juin 28, 2021 5:06:26 PM musichub.logger.Logging log
INFOS: 23
juin 28, 2021 5:06:29 PM musichub.logger.Logging log
INFOS: 1212-02-12
juin 28, 2021 5:06:31 PM musichub.logger.Logging log
INFOS: Choose q Option
juin 28, 2021 5:06:31 PM musichub.logger.Logging log
INFOS: Exit Program : Status 0
juin 28, 2021 9:28:53 PM musichub.logger.Logging setUpLogger
INFOS: JMusicHub Started
juin 28, 2021 9:28:56 PM musichub.logger.Logging log
INFOS: Choose q Option
juin 28, 2021 9:28:56 PM musichub.logger.Logging log
INFOS: Exit Program : Status 0
juin 28, 2021 10:23:26 PM musichub.logger.Logging setUpLogger
INFOS: JMusicHub Started
juin 28, 2021 10:23:38 PM musichub.logger.Logging log
INFOS: Choose h Option
juin 28, 2021 10:23:47 PM musichub.logger.Logging log
INFOS: Choose g Option
juin 28, 2021 10:25:41 PM musichub.logger.Logging setUpLogger
INFOS: JMusicHub Started
juin 28, 2021 10:25:43 PM musichub.logger.Logging log
INFOS: Choose h Option
juin 28, 2021 10:25:47 PM musichub.logger.Logging log
INFOS: Choose r Option
juin 28, 2021 10:27:44 PM musichub.logger.Logging setUpLogger
INFOS: JMusicHub Started
juin 28, 2021 10:27:46 PM musichub.logger.Logging log
INFOS: Choose h Option
juin 28, 2021 10:27:52 PM musichub.logger.Logging log
INFOS: Choose t Option
juin 28, 2021 10:28:06 PM musichub.logger.Logging log
INFOS: Choose g Option
juin 28, 2021 10:41:20 PM musichub.logger.Logging setUpLogger
INFOS: JMusicHub Started
juin 28, 2021 10:41:22 PM musichub.logger.Logging log
INFOS: Choose g Option
juin 28, 2021 10:44:18 PM musichub.logger.Logging setUpLogger
INFOS: JMusicHub Started
juin 28, 2021 10:44:22 PM musichub.logger.Logging log
INFOS: Choose g Option
juin 28, 2021 10:44:57 PM musichub.logger.Logging setUpLogger
INFOS: JMusicHub Started
juin 28, 2021 10:44:59 PM musichub.logger.Logging log
INFOS: Choose g Option
juin 28, 2021 10:45:20 PM musichub.logger.Logging setUpLogger
INFOS: JMusicHub Started
juin 28, 2021 10:45:23 PM musichub.logger.Logging log
INFOS: Choose h Option
juin 28, 2021 10:45:25 PM musichub.logger.Logging log
INFOS: Choose g Option
juin 28, 2021 10:45:30 PM musichub.logger.Logging setUpLogger
INFOS: JMusicHub Started
juin 28, 2021 10:45:34 PM musichub.logger.Logging log
INFOS: Choose g Option
juin 28, 2021 10:46:15 PM musichub.logger.Logging setUpLogger
INFOS: JMusicHub Started
juin 28, 2021 10:46:21 PM musichub.logger.Logging log
INFOS: Choose g Option
juin 28, 2021 10:50:29 PM musichub.logger.Logging setUpLogger
INFOS: JMusicHub Started
juin 28, 2021 10:50:31 PM musichub.logger.Logging log
INFOS: Choose g Option
juin 28, 2021 10:51:16 PM musichub.logger.Logging setUpLogger
INFOS: JMusicHub Started
juin 28, 2021 10:51:18 PM musichub.logger.Logging log
INFOS: Choose g Option
juin 28, 2021 10:52:34 PM musichub.logger.Logging setUpLogger
INFOS: JMusicHub Started
juin 28, 2021 10:52:37 PM musichub.logger.Logging log
INFOS: Choose g Option
juin 28, 2021 10:52:47 PM musichub.logger.Logging setUpLogger
INFOS: JMusicHub Started
juin 28, 2021 10:53:54 PM musichub.logger.Logging setUpLogger
INFOS: JMusicHub Started
juin 28, 2021 10:53:56 PM musichub.logger.Logging log
INFOS: Choose r Option
juin 28, 2021 10:56:30 PM musichub.logger.Logging setUpLogger
INFOS: JMusicHub Started
juin 28, 2021 10:56:33 PM musichub.logger.Logging log
INFOS: Choose r Option
juin 28, 2021 10:57:33 PM musichub.logger.Logging setUpLogger
INFOS: JMusicHub Started
juin 28, 2021 10:57:35 PM musichub.logger.Logging log
INFOS: Choose r Option
juin 28, 2021 10:58:51 PM musichub.logger.Logging setUpLogger
INFOS: JMusicHub Started
juin 28, 2021 10:58:52 PM musichub.logger.Logging log
INFOS: Choose r Option
juin 28, 2021 11:00:27 PM musichub.logger.Logging setUpLogger
INFOS: JMusicHub Started
juin 28, 2021 11:00:30 PM musichub.logger.Logging log
INFOS: Choose r Option
juin 28, 2021 11:01:13 PM musichub.logger.Logging setUpLogger
INFOS: JMusicHub Started
juin 28, 2021 11:01:15 PM musichub.logger.Logging log
INFOS: Choose r Option
juin 28, 2021 11:01:47 PM musichub.logger.Logging setUpLogger
INFOS: JMusicHub Started
juin 28, 2021 11:01:50 PM musichub.logger.Logging log
INFOS: Choose r Option
juin 28, 2021 11:02:37 PM musichub.logger.Logging setUpLogger
INFOS: JMusicHub Started
juin 28, 2021 11:02:40 PM musichub.logger.Logging log
INFOS: Choose r Option
juin 28, 2021 11:03:20 PM musichub.logger.Logging setUpLogger
INFOS: JMusicHub Started
juin 28, 2021 11:03:23 PM musichub.logger.Logging log
INFOS: Choose r Option
juin 28, 2021 11:04:31 PM musichub.logger.Logging setUpLogger
INFOS: JMusicHub Started
juin 28, 2021 11:04:34 PM musichub.logger.Logging log
INFOS: Choose r Option
juin 28, 2021 11:05:52 PM musichub.logger.Logging setUpLogger
INFOS: JMusicHub Started
juin 28, 2021 11:05:53 PM musichub.logger.Logging log
INFOS: Choose r Option
juin 28, 2021 11:06:26 PM musichub.logger.Logging setUpLogger
INFOS: JMusicHub Started
juin 28, 2021 11:08:11 PM musichub.logger.Logging setUpLogger
INFOS: JMusicHub Started
juin 28, 2021 11:08:12 PM musichub.logger.Logging log
INFOS: Choose r Option
juin 28, 2021 11:08:16 PM musichub.logger.Logging fatal
GRAVE: could not get audio input stream from input file
juin 28, 2021 11:10:53 PM musichub.logger.Logging setUpLogger
INFOS: JMusicHub Started
juin 28, 2021 11:10:54 PM musichub.logger.Logging log
INFOS: Choose r Option
juin 28, 2021 11:10:59 PM musichub.logger.Logging fatal
GRAVE: could not get audio input stream from input file
juin 28, 2021 11:12:19 PM musichub.logger.Logging setUpLogger
INFOS: JMusicHub Started
juin 28, 2021 11:12:21 PM musichub.logger.Logging log
INFOS: Choose r Option
juin 28, 2021 11:12:29 PM musichub.logger.Logging fatal
GRAVE: could not get audio input stream from input file
juin 28, 2021 11:14:12 PM musichub.logger.Logging setUpLogger
INFOS: JMusicHub Started
juin 28, 2021 11:14:15 PM musichub.logger.Logging log
INFOS: Choose r Option
juin 28, 2021 11:17:22 PM musichub.logger.Logging fatal
GRAVE: could not get audio input stream from input file
juin 28, 2021 11:17:24 PM musichub.logger.Logging setUpLogger
INFOS: JMusicHub Started
juin 28, 2021 11:17:26 PM musichub.logger.Logging log
INFOS: Choose r Option
juin 28, 2021 11:17:29 PM musichub.logger.Logging fatal
GRAVE: could not get audio input stream from input file
juin 28, 2021 11:17:50 PM musichub.logger.Logging setUpLogger
INFOS: JMusicHub Started
juin 28, 2021 11:17:52 PM musichub.logger.Logging log
INFOS: Choose r Option
juin 28, 2021 11:17:56 PM musichub.logger.Logging setUpLogger
INFOS: JMusicHub Started
juin 28, 2021 11:17:57 PM musichub.logger.Logging log
INFOS: Choose r Option
juin 28, 2021 11:22:01 PM musichub.logger.Logging fatal
GRAVE: could not get audio input stream from input file
juin 28, 2021 11:23:03 PM musichub.logger.Logging setUpLogger
INFOS: JMusicHub Started
juin 28, 2021 11:23:04 PM musichub.logger.Logging log
INFOS: Choose r Option
juin 28, 2021 11:23:07 PM musichub.logger.Logging fatal
GRAVE: jetbrains:\idea\navigate\reference?project=Projet-GLPOO&path=Project\files\audios\44136020-dc80-4522-9b71-2b9aad5e3039.wav (La syntaxe du nom de fichier, de répertoire ou de volume est incorrecte)
juin 28, 2021 11:24:12 PM musichub.logger.Logging setUpLogger
INFOS: JMusicHub Started
juin 28, 2021 11:24:13 PM musichub.logger.Logging log
INFOS: Choose r Option
juin 28, 2021 11:27:30 PM musichub.logger.Logging fatal
GRAVE: could not get audio input stream from input file
juin 28, 2021 11:27:32 PM musichub.logger.Logging setUpLogger
INFOS: JMusicHub Started
juin 28, 2021 11:27:35 PM musichub.logger.Logging log
INFOS: Choose r Option
juin 28, 2021 11:27:39 PM musichub.logger.Logging fatal
GRAVE: unknown protocol: jetbrains
juin 28, 2021 11:31:16 PM musichub.logger.Logging setUpLogger
INFOS: JMusicHub Started
juin 28, 2021 11:31:18 PM musichub.logger.Logging log
INFOS: Choose r Option
juin 28, 2021 11:31:26 PM musichub.logger.Logging fatal
GRAVE: No album with this title in the MusicHub!
juin 28, 2021 11:31:31 PM musichub.logger.Logging setUpLogger
INFOS: JMusicHub Started
juin 28, 2021 11:31:34 PM musichub.logger.Logging log
INFOS: Choose r Option
juin 28, 2021 11:31:41 PM musichub.logger.Logging fatal
GRAVE: unknown protocol: jetbrains
juin 28, 2021 11:33:32 PM musichub.logger.Logging setUpLogger
INFOS: JMusicHub Started
juin 28, 2021 11:33:34 PM musichub.logger.Logging log
INFOS: Choose r Option
juin 28, 2021 11:40:36 PM musichub.logger.Logging fatal
GRAVE: could not get audio input stream from input file
juin 28, 2021 11:40:39 PM musichub.logger.Logging setUpLogger
INFOS: JMusicHub Started
juin 28, 2021 11:40:41 PM musichub.logger.Logging log
INFOS: Choose r Option
juin 28, 2021 11:40:56 PM musichub.logger.Logging setUpLogger
INFOS: JMusicHub Started
juin 28, 2021 11:40:58 PM musichub.logger.Logging log
INFOS: Choose r Option
juin 28, 2021 11:42:06 PM musichub.logger.Logging setUpLogger
INFOS: JMusicHub Started
juin 28, 2021 11:42:09 PM musichub.logger.Logging log
INFOS: Choose r Option
juin 28, 2021 11:43:30 PM musichub.logger.Logging setUpLogger
INFOS: JMusicHub Started
juin 28, 2021 11:43:32 PM musichub.logger.Logging log
INFOS: Choose r Option
juin 28, 2021 11:46:22 PM musichub.logger.Logging setUpLogger
INFOS: JMusicHub Started
juin 28, 2021 11:46:26 PM musichub.logger.Logging log
INFOS: Choose r Option
juin 28, 2021 11:46:50 PM musichub.logger.Logging setUpLogger
INFOS: JMusicHub Started
juin 28, 2021 11:46:52 PM musichub.logger.Logging log
INFOS: Choose r Option
juin 28, 2021 11:47:22 PM musichub.logger.Logging setUpLogger
INFOS: JMusicHub Started
juin 28, 2021 11:47:59 PM musichub.logger.Logging setUpLogger
INFOS: JMusicHub Started
juin 28, 2021 11:48:13 PM musichub.logger.Logging setUpLogger
INFOS: JMusicHub Started
juin 28, 2021 11:48:14 PM musichub.logger.Logging log
INFOS: Choose r Option
juin 28, 2021 11:51:02 PM musichub.logger.Logging setUpLogger
INFOS: JMusicHub Started
juin 28, 2021 11:51:05 PM musichub.logger.Logging setUpLogger
INFOS: JMusicHub Started
juin 28, 2021 11:51:07 PM musichub.logger.Logging log
INFOS: Choose r Option
juin 28, 2021 11:54:26 PM musichub.logger.Logging setUpLogger
INFOS: JMusicHub Started
juin 28, 2021 11:54:27 PM musichub.logger.Logging log
INFOS: Choose r Option
juin 28, 2021 11:56:37 PM musichub.logger.Logging fatal
GRAVE: could not get audio input stream from input file
juin 28, 2021 11:56:38 PM musichub.logger.Logging setUpLogger
INFOS: JMusicHub Started
juin 28, 2021 11:56:40 PM musichub.logger.Logging log
INFOS: Choose r Option
juin 28, 2021 11:56:43 PM musichub.logger.Logging fatal
GRAVE: mark/reset not supported
juin 28, 2021 11:56:57 PM musichub.logger.Logging setUpLogger
INFOS: JMusicHub Started
juin 28, 2021 11:56:58 PM musichub.logger.Logging log
INFOS: Choose r Option
juin 29, 2021 12:01:26 AM musichub.logger.Logging fatal
GRAVE: mark/reset not supported
juin 29, 2021 12:01:43 AM musichub.logger.Logging setUpLogger
INFOS: JMusicHub Started
juin 29, 2021 12:01:46 AM musichub.logger.Logging log
INFOS: Choose r Option
juin 29, 2021 12:01:49 AM musichub.logger.Logging fatal
GRAVE: mark/reset not supported
juin 29, 2021 12:02:13 AM musichub.logger.Logging setUpLogger
INFOS: JMusicHub Started
juin 29, 2021 12:02:15 AM musichub.logger.Logging log
INFOS: Choose r Option
juin 29, 2021 12:04:32 AM musichub.logger.Logging setUpLogger
INFOS: JMusicHub Started
juin 29, 2021 12:04:34 AM musichub.logger.Logging log
INFOS: Choose r Option
juin 29, 2021 12:05:18 AM musichub.logger.Logging setUpLogger
INFOS: JMusicHub Started
juin 29, 2021 12:05:19 AM musichub.logger.Logging log
INFOS: Choose r Option
juin 29, 2021 12:08:15 AM musichub.logger.Logging setUpLogger
INFOS: JMusicHub Started
juin 29, 2021 12:08:16 AM musichub.logger.Logging log
INFOS: Choose r Option
juin 29, 2021 12:10:16 AM musichub.logger.Logging setUpLogger
INFOS: JMusicHub Started
juin 29, 2021 12:10:18 AM musichub.logger.Logging log
INFOS: Choose r Option
juin 29, 2021 12:10:47 AM musichub.logger.Logging setUpLogger
INFOS: JMusicHub Started
juin 29, 2021 12:10:49 AM musichub.logger.Logging log
INFOS: Choose r Option
juin 29, 2021 12:15:28 AM musichub.logger.Logging setUpLogger
INFOS: JMusicHub Started
juin 29, 2021 12:15:32 AM musichub.logger.Logging log
INFOS: Choose r Option
juin 29, 2021 12:16:28 AM musichub.logger.Logging setUpLogger
INFOS: JMusicHub Started
juin 29, 2021 12:16:33 AM musichub.logger.Logging log
INFOS: Choose r Option
juin 29, 2021 12:17:39 AM musichub.logger.Logging setUpLogger
INFOS: JMusicHub Started
juin 29, 2021 12:17:46 AM musichub.logger.Logging setUpLogger
INFOS: JMusicHub Started
juin 29, 2021 12:17:48 AM musichub.logger.Logging log
INFOS: Choose r Option
juin 29, 2021 12:30:30 AM musichub.logger.Logging setUpLogger
INFOS: JMusicHub Started
juin 29, 2021 12:30:30 AM musichub.logger.Logging setUpLogger
INFOS: JMusicHub Started
juin 29, 2021 12:30:33 AM musichub.logger.Logging log
INFOS: Choose h Option
juin 29, 2021 12:30:35 AM musichub.logger.Logging log
INFOS: Choose q Option
juin 29, 2021 12:30:35 AM musichub.logger.Logging log
INFOS: Exit Program : Status 0
juin 29, 2021 12:33:41 AM musichub.logger.Logging setUpLogger
INFOS: _-_-_-_-_-_-_-_-_-_-_-_-_-_-_-_-_-_-_-_-_-_-_-_-_-_-_-_-_-_-_-_-_-_-_-_-_-_-_-_-_-_-_-_-_-_-_-_-
juin 29, 2021 12:33:41 AM musichub.logger.Logging setUpLogger
INFOS: JMusicHub Started
juin 29, 2021 12:33:41 AM musichub.logger.Logging setUpLogger
INFOS: _-_-_-_-_-_-_-_-_-_-_-_-_-_-_-_-_-_-_-_-_-_-_-_-_-_-_-_-_-_-_-_-_-_-_-_-_-_-_-_-_-_-_-_-_-_-_-_-
juin 29, 2021 12:33:41 AM musichub.logger.Logging setUpLogger
INFOS: JMusicHub Started
juin 29, 2021 12:33:43 AM musichub.logger.Logging log
INFOS: Choose h Option
juin 29, 2021 12:33:44 AM musichub.logger.Logging log
INFOS: Choose q Option
juin 29, 2021 12:33:44 AM musichub.logger.Logging log
INFOS: Exit Program : Status 0
juin 29, 2021 12:34:39 AM musichub.logger.Logging setUpLogger
INFOS: _-_-_-_-_-_-_-_-_-_-_-_-_-_-_-_-_-_-_-_-_-_-_-_-_-_-_-_-_-_-_-_-_-_-_-_-_-_-_-_-_-_-_-_-_-_-_-_-
juin 29, 2021 12:34:39 AM musichub.logger.Logging setUpLogger
INFOS: JMusicHub Started
juin 29, 2021 12:34:39 AM musichub.logger.Logging setUpLogger
INFOS: _-_-_-_-_-_-_-_-_-_-_-_-_-_-_-_-_-_-_-_-_-_-_-_-_-_-_-_-_-_-_-_-_-_-_-_-_-_-_-_-_-_-_-_-_-_-_-_-
juin 29, 2021 12:34:39 AM musichub.logger.Logging setUpLogger
INFOS: JMusicHub Started
juin 29, 2021 12:34:42 AM musichub.logger.Logging log
INFOS: Choose q Option
juin 29, 2021 12:34:42 AM musichub.logger.Logging log
INFOS: Exit Program : Status 0
juin 29, 2021 12:37:58 AM musichub.logger.Logging setUpLogger
INFOS: _-_-_-_-_-_-_-_-_-_-_-_-_-_-_-_-_-_-_-_-_-_-_-_-_-_-_-_-_-_-_-_-_-_-_-_-_-_-_-_-_-_-_-_-_-_-_-_-
juin 29, 2021 12:37:58 AM musichub.logger.Logging setUpLogger
INFOS: JMusicHub Started
juin 29, 2021 12:37:58 AM musichub.logger.Logging setUpLogger
INFOS: _-_-_-_-_-_-_-_-_-_-_-_-_-_-_-_-_-_-_-_-_-_-_-_-_-_-_-_-_-_-_-_-_-_-_-_-_-_-_-_-_-_-_-_-_-_-_-_-
juin 29, 2021 12:37:58 AM musichub.logger.Logging setUpLogger
INFOS: JMusicHub Started
juin 29, 2021 12:37:59 AM musichub.logger.Logging log
INFOS: Choose r Option
juin 29, 2021 12:38:07 AM musichub.logger.Logging log
INFOS: Choose q Option
juin 29, 2021 12:38:07 AM musichub.logger.Logging log
INFOS: Exit Program : Status 0
